{"contracts\\Marketplace.sol":{"l":{"9":36,"10":1,"12":35,"13":35,"14":35,"15":803,"16":803,"18":35,"19":35,"20":803,"21":803,"22":803,"24":35,"42":3,"74":2,"75":2,"76":2,"77":8,"78":8,"79":8,"81":2,"85":5,"87":3,"93":1,"94":1,"99":4,"103":3,"114":12,"115":12,"116":12,"119":12,"123":12,"131":12,"132":12,"133":12,"135":12,"143":5,"144":5,"145":5,"147":5,"148":3,"154":1,"157":1,"158":1,"159":1,"162":1,"164":1,"174":4,"175":4,"178":2,"180":2,"191":3,"192":3,"193":3,"198":3,"200":3,"209":3,"210":3,"211":15,"212":3,"215":3,"219":3,"220":3,"223":3,"224":3,"227":3,"229":3,"238":3,"239":3,"241":5,"242":3,"245":3,"249":3,"250":3,"257":3,"258":3,"261":3,"263":3},"path":"C:\\Users\\jmmon\\Documents\\VS-2019\\KU\\MI\\Advanced Projects\\dapp-project\\eth-marketplace\\contracts\\Marketplace.sol","s":{"1":36,"2":1,"3":35,"4":35,"5":35,"6":803,"7":35,"8":35,"9":803,"10":803,"11":803,"12":35,"13":3,"14":2,"15":2,"16":2,"17":8,"18":8,"19":8,"20":2,"21":5,"22":3,"23":1,"24":1,"25":4,"26":3,"27":12,"28":12,"29":12,"30":12,"31":12,"32":12,"33":12,"34":12,"35":12,"36":5,"37":5,"38":5,"39":5,"40":3,"41":1,"42":1,"43":1,"44":1,"45":1,"46":1,"47":4,"48":4,"49":2,"50":2,"51":3,"52":3,"53":3,"54":3,"55":3,"56":3,"57":15,"58":3,"59":3,"60":3,"61":3,"62":3,"63":3,"64":3,"65":3,"66":3,"67":5,"68":3,"69":3,"70":3,"71":3,"72":3,"73":3,"74":3},"b":{"1":[1,35],"2":[3,2],"3":[1,2],"4":[1,0],"5":[3,1],"6":[3,2],"7":[1,2],"8":[1,0],"9":[2,2],"10":[3,12],"11":[3,2]},"f":{"1":36,"2":3,"3":2,"4":5,"5":4,"6":12,"7":5,"8":4,"9":3,"10":3,"11":3,"12":3,"13":3,"14":3},"fnMap":{"1":{"name":"toString","line":5,"loc":{"start":{"line":5,"column":0},"end":{"line":25,"column":0}}},"2":{"name":"constructor","line":41,"loc":{"start":{"line":41,"column":1},"end":{"line":43,"column":1}}},"3":{"name":"getAllItems","line":73,"loc":{"start":{"line":73,"column":1},"end":{"line":82,"column":1}}},"4":{"name":"withdraw","line":84,"loc":{"start":{"line":84,"column":1},"end":{"line":95,"column":1}}},"5":{"name":"balance","line":98,"loc":{"start":{"line":98,"column":1},"end":{"line":104,"column":1}}},"6":{"name":"addItem","line":113,"loc":{"start":{"line":113,"column":1},"end":{"line":140,"column":1}}},"7":{"name":"sell","line":142,"loc":{"start":{"line":142,"column":1},"end":{"line":171,"column":1}}},"8":{"name":"deleteItem","line":173,"loc":{"start":{"line":173,"column":1},"end":{"line":181,"column":1}}},"9":{"name":"_removeFromAll","line":190,"loc":{"start":{"line":190,"column":1},"end":{"line":194,"column":1}}},"10":{"name":"_removeFromStock","line":197,"loc":{"start":{"line":197,"column":1},"end":{"line":201,"column":1}}},"11":{"name":"_getItemIndex","line":204,"loc":{"start":{"line":204,"column":1},"end":{"line":216,"column":1}}},"12":{"name":"_removeFromItemIds","line":218,"loc":{"start":{"line":218,"column":1},"end":{"line":230,"column":1}}},"13":{"name":"_getSellerItemIndex","line":233,"loc":{"start":{"line":233,"column":1},"end":{"line":246,"column":1}}},"14":{"name":"_removeFromSeller","line":248,"loc":{"start":{"line":248,"column":1},"end":{"line":264,"column":1}}}},"statementMap":{"1":{"start":{"line":9,"column":1},"end":{"line":9,"column":326}},"2":{"start":{"line":10,"column":2},"end":{"line":10,"column":12}},"3":{"start":{"line":12,"column":1},"end":{"line":12,"column":21}},"4":{"start":{"line":13,"column":1},"end":{"line":13,"column":15}},"5":{"start":{"line":14,"column":1},"end":{"line":14,"column":402}},"6":{"start":{"line":16,"column":2},"end":{"line":16,"column":11}},"7":{"start":{"line":18,"column":1},"end":{"line":18,"column":40}},"8":{"start":{"line":19,"column":1},"end":{"line":19,"column":494}},"9":{"start":{"line":20,"column":2},"end":{"line":20,"column":12}},"10":{"start":{"line":21,"column":2},"end":{"line":21,"column":57}},"11":{"start":{"line":22,"column":2},"end":{"line":22,"column":12}},"12":{"start":{"line":24,"column":1},"end":{"line":24,"column":22}},"13":{"start":{"line":42,"column":2},"end":{"line":42,"column":36}},"14":{"start":{"line":74,"column":2},"end":{"line":74,"column":38}},"15":{"start":{"line":75,"column":2},"end":{"line":75,"column":42}},"16":{"start":{"line":76,"column":2},"end":{"line":76,"column":1961}},"17":{"start":{"line":77,"column":3},"end":{"line":77,"column":35}},"18":{"start":{"line":78,"column":3},"end":{"line":78,"column":45}},"19":{"start":{"line":79,"column":3},"end":{"line":79,"column":22}},"20":{"start":{"line":81,"column":2},"end":{"line":81,"column":14}},"21":{"start":{"line":85,"column":2},"end":{"line":85,"column":75}},"22":{"start":{"line":87,"column":2},"end":{"line":87,"column":2260}},"23":{"start":{"line":93,"column":2},"end":{"line":93,"column":64}},"24":{"start":{"line":94,"column":2},"end":{"line":94,"column":53}},"25":{"start":{"line":99,"column":2},"end":{"line":99,"column":2628}},"26":{"start":{"line":103,"column":2},"end":{"line":103,"column":39}},"27":{"start":{"line":114,"column":2},"end":{"line":114,"column":40}},"28":{"start":{"line":115,"column":2},"end":{"line":115,"column":61}},"29":{"start":{"line":116,"column":2},"end":{"line":116,"column":53}},"30":{"start":{"line":119,"column":2},"end":{"line":119,"column":3251}},"31":{"start":{"line":123,"column":2},"end":{"line":123,"column":3353}},"32":{"start":{"line":131,"column":2},"end":{"line":131,"column":53}},"33":{"start":{"line":132,"column":2},"end":{"line":132,"column":36}},"34":{"start":{"line":133,"column":2},"end":{"line":133,"column":36}},"35":{"start":{"line":135,"column":2},"end":{"line":135,"column":3642}},"36":{"start":{"line":143,"column":2},"end":{"line":143,"column":45}},"37":{"start":{"line":144,"column":2},"end":{"line":144,"column":37}},"38":{"start":{"line":145,"column":2},"end":{"line":145,"column":37}},"39":{"start":{"line":147,"column":2},"end":{"line":147,"column":70}},"40":{"start":{"line":148,"column":2},"end":{"line":148,"column":3994}},"41":{"start":{"line":154,"column":2},"end":{"line":154,"column":35}},"42":{"start":{"line":157,"column":2},"end":{"line":157,"column":49}},"43":{"start":{"line":158,"column":2},"end":{"line":158,"column":49}},"44":{"start":{"line":159,"column":2},"end":{"line":159,"column":63}},"45":{"start":{"line":162,"column":2},"end":{"line":162,"column":41}},"46":{"start":{"line":164,"column":2},"end":{"line":164,"column":4517}},"47":{"start":{"line":174,"column":2},"end":{"line":174,"column":45}},"48":{"start":{"line":175,"column":2},"end":{"line":175,"column":76}},"49":{"start":{"line":178,"column":2},"end":{"line":178,"column":41}},"50":{"start":{"line":180,"column":2},"end":{"line":180,"column":69}},"51":{"start":{"line":191,"column":2},"end":{"line":191,"column":35}},"52":{"start":{"line":192,"column":2},"end":{"line":192,"column":26}},"53":{"start":{"line":193,"column":2},"end":{"line":193,"column":28}},"54":{"start":{"line":200,"column":2},"end":{"line":200,"column":41}},"55":{"start":{"line":209,"column":2},"end":{"line":209,"column":15}},"56":{"start":{"line":210,"column":2},"end":{"line":210,"column":5696}},"57":{"start":{"line":211,"column":3},"end":{"line":211,"column":5728}},"58":{"start":{"line":215,"column":2},"end":{"line":215,"column":10}},"59":{"start":{"line":219,"column":2},"end":{"line":219,"column":38}},"60":{"start":{"line":220,"column":2},"end":{"line":220,"column":62}},"61":{"start":{"line":223,"column":2},"end":{"line":223,"column":6118}},"62":{"start":{"line":224,"column":3},"end":{"line":224,"column":39}},"63":{"start":{"line":227,"column":2},"end":{"line":227,"column":19}},"64":{"start":{"line":229,"column":2},"end":{"line":229,"column":49}},"65":{"start":{"line":238,"column":2},"end":{"line":238,"column":15}},"66":{"start":{"line":239,"column":2},"end":{"line":239,"column":6523}},"67":{"start":{"line":241,"column":3},"end":{"line":241,"column":6597}},"68":{"start":{"line":245,"column":2},"end":{"line":245,"column":10}},"69":{"start":{"line":249,"column":2},"end":{"line":249,"column":51}},"70":{"start":{"line":250,"column":2},"end":{"line":250,"column":6889}},"71":{"start":{"line":257,"column":2},"end":{"line":257,"column":7045}},"72":{"start":{"line":258,"column":3},"end":{"line":258,"column":65}},"73":{"start":{"line":261,"column":2},"end":{"line":261,"column":32}},"74":{"start":{"line":263,"column":2},"end":{"line":263,"column":49}}},"branchMap":{"1":{"line":9,"type":"if","locations":[{"start":{"line":9,"column":1},"end":{"line":9,"column":1}},{"start":{"line":9,"column":1},"end":{"line":9,"column":1}}]},"2":{"line":85,"type":"if","locations":[{"start":{"line":85,"column":2},"end":{"line":85,"column":2}},{"start":{"line":85,"column":2},"end":{"line":85,"column":2}}]},"3":{"line":87,"type":"if","locations":[{"start":{"line":87,"column":2},"end":{"line":87,"column":2}},{"start":{"line":87,"column":2},"end":{"line":87,"column":2}}]},"4":{"line":94,"type":"if","locations":[{"start":{"line":94,"column":2},"end":{"line":94,"column":2}},{"start":{"line":94,"column":2},"end":{"line":94,"column":2}}]},"5":{"line":99,"type":"if","locations":[{"start":{"line":99,"column":2},"end":{"line":99,"column":2}},{"start":{"line":99,"column":2},"end":{"line":99,"column":2}}]},"6":{"line":147,"type":"if","locations":[{"start":{"line":147,"column":2},"end":{"line":147,"column":2}},{"start":{"line":147,"column":2},"end":{"line":147,"column":2}}]},"7":{"line":148,"type":"if","locations":[{"start":{"line":148,"column":2},"end":{"line":148,"column":2}},{"start":{"line":148,"column":2},"end":{"line":148,"column":2}}]},"8":{"line":162,"type":"if","locations":[{"start":{"line":162,"column":2},"end":{"line":162,"column":2}},{"start":{"line":162,"column":2},"end":{"line":162,"column":2}}]},"9":{"line":175,"type":"if","locations":[{"start":{"line":175,"column":2},"end":{"line":175,"column":2}},{"start":{"line":175,"column":2},"end":{"line":175,"column":2}}]},"10":{"line":211,"type":"if","locations":[{"start":{"line":211,"column":3},"end":{"line":211,"column":3}},{"start":{"line":211,"column":3},"end":{"line":211,"column":3}}]},"11":{"line":241,"type":"if","locations":[{"start":{"line":241,"column":3},"end":{"line":241,"column":3}},{"start":{"line":241,"column":3},"end":{"line":241,"column":3}}]}}}}