{"contracts\\Marketplace.sol":{"l":{"11":18,"12":1,"14":17,"15":17,"16":17,"17":394,"18":394,"20":17,"21":17,"22":394,"23":394,"24":394,"26":17,"44":3,"48":4,"50":2,"51":0,"52":0,"56":2,"57":1,"63":6,"64":6,"65":6,"67":6,"70":6,"78":6,"79":6,"80":6,"82":6,"92":5,"93":5,"94":5,"96":5,"97":3,"104":1,"109":1,"115":1,"116":1,"117":1,"119":1,"121":1,"131":1,"133":1,"136":1,"141":1,"146":1,"155":2,"159":2,"160":2,"163":2,"167":2,"171":2,"176":2,"183":2,"185":2,"186":2,"190":2,"191":2,"192":5,"193":2,"196":2,"201":2,"202":2,"210":2,"211":4,"214":2,"216":2,"220":2,"228":2,"229":2,"237":2,"238":3,"241":2,"243":2,"250":2,"255":2,"256":2,"259":2,"260":2,"263":2,"268":3,"269":3,"270":3,"271":5,"272":5,"273":5,"275":3},"path":"C:\\Users\\jmmon\\Documents\\VS-2019\\KU\\MI\\Advanced Projects\\dapp-project\\eth-marketplace\\contracts\\Marketplace.sol","s":{"1":18,"2":1,"3":17,"4":17,"5":17,"6":394,"7":17,"8":17,"9":394,"10":394,"11":394,"12":17,"13":3,"14":4,"15":2,"16":0,"17":0,"18":2,"19":1,"20":6,"21":6,"22":6,"23":6,"24":6,"25":6,"26":6,"27":6,"28":6,"29":5,"30":5,"31":5,"32":5,"33":3,"34":1,"35":1,"36":1,"37":1,"38":1,"39":1,"40":1,"41":1,"42":1,"43":1,"44":1,"45":1,"46":2,"47":2,"48":2,"49":2,"50":2,"51":2,"52":2,"53":2,"54":2,"55":2,"56":2,"57":5,"58":2,"59":2,"60":2,"61":2,"62":4,"63":2,"64":2,"65":2,"66":2,"67":2,"68":2,"69":3,"70":2,"71":2,"72":2,"73":2,"74":2,"75":2,"76":2,"77":3,"78":3,"79":3,"80":5,"81":5,"82":5,"83":3},"b":{"1":[1,17],"2":[2,2],"3":[0,2],"4":[0,0],"5":[1,1],"6":[3,2],"7":[1,2],"8":[1,0],"9":[1,0],"10":[1,0],"11":[1,0],"12":[2,0],"13":[2,0],"14":[2,0],"15":[2,3],"16":[2,0]},"f":{"1":18,"2":3,"3":4,"4":2,"5":6,"6":5,"7":1,"8":2,"9":2,"10":2,"11":2,"12":2,"13":2,"14":3},"fnMap":{"1":{"name":"toString","line":5,"loc":{"start":{"line":5,"column":0},"end":{"line":27,"column":0}}},"2":{"name":"constructor","line":43,"loc":{"start":{"line":43,"column":1},"end":{"line":45,"column":1}}},"3":{"name":"withdraw","line":47,"loc":{"start":{"line":47,"column":1},"end":{"line":53,"column":1}}},"4":{"name":"balance","line":55,"loc":{"start":{"line":55,"column":1},"end":{"line":58,"column":2}}},"5":{"name":"addItem","line":61,"loc":{"start":{"line":61,"column":1},"end":{"line":88,"column":1}}},"6":{"name":"sell","line":91,"loc":{"start":{"line":91,"column":1},"end":{"line":128,"column":1}}},"7":{"name":"deleteItem","line":130,"loc":{"start":{"line":130,"column":1},"end":{"line":151,"column":1}}},"8":{"name":"removeFromAll","line":153,"loc":{"start":{"line":153,"column":1},"end":{"line":177,"column":1}}},"9":{"name":"removeFromStock","line":181,"loc":{"start":{"line":181,"column":1},"end":{"line":187,"column":1}}},"10":{"name":"getItemIndex","line":189,"loc":{"start":{"line":189,"column":1},"end":{"line":197,"column":1}}},"11":{"name":"removeFromItemIds","line":200,"loc":{"start":{"line":200,"column":1},"end":{"line":222,"column":1}}},"12":{"name":"removeFromSeller","line":224,"loc":{"start":{"line":224,"column":1},"end":{"line":251,"column":1}}},"13":{"name":"getSellerItemIndex","line":254,"loc":{"start":{"line":254,"column":1},"end":{"line":264,"column":1}}},"14":{"name":"getAllItems","line":267,"loc":{"start":{"line":267,"column":1},"end":{"line":276,"column":1}}}},"statementMap":{"1":{"start":{"line":11,"column":1},"end":{"line":11,"column":481}},"2":{"start":{"line":12,"column":2},"end":{"line":12,"column":12}},"3":{"start":{"line":14,"column":1},"end":{"line":14,"column":21}},"4":{"start":{"line":15,"column":1},"end":{"line":15,"column":15}},"5":{"start":{"line":16,"column":1},"end":{"line":16,"column":557}},"6":{"start":{"line":18,"column":2},"end":{"line":18,"column":11}},"7":{"start":{"line":20,"column":1},"end":{"line":20,"column":40}},"8":{"start":{"line":21,"column":1},"end":{"line":21,"column":649}},"9":{"start":{"line":22,"column":2},"end":{"line":22,"column":12}},"10":{"start":{"line":23,"column":2},"end":{"line":23,"column":57}},"11":{"start":{"line":24,"column":2},"end":{"line":24,"column":12}},"12":{"start":{"line":26,"column":1},"end":{"line":26,"column":22}},"13":{"start":{"line":44,"column":2},"end":{"line":44,"column":36}},"14":{"start":{"line":48,"column":2},"end":{"line":48,"column":75}},"15":{"start":{"line":50,"column":2},"end":{"line":50,"column":88}},"16":{"start":{"line":51,"column":2},"end":{"line":51,"column":63}},"17":{"start":{"line":52,"column":2},"end":{"line":52,"column":54}},"18":{"start":{"line":56,"column":2},"end":{"line":56,"column":79}},"19":{"start":{"line":57,"column":4},"end":{"line":57,"column":41}},"20":{"start":{"line":63,"column":2},"end":{"line":63,"column":40}},"21":{"start":{"line":64,"column":2},"end":{"line":64,"column":61}},"22":{"start":{"line":65,"column":2},"end":{"line":65,"column":53}},"23":{"start":{"line":67,"column":2},"end":{"line":67,"column":85}},"24":{"start":{"line":70,"column":2},"end":{"line":70,"column":2431}},"25":{"start":{"line":78,"column":2},"end":{"line":78,"column":47}},"26":{"start":{"line":79,"column":2},"end":{"line":79,"column":30}},"27":{"start":{"line":80,"column":2},"end":{"line":80,"column":30}},"28":{"start":{"line":82,"column":2},"end":{"line":82,"column":2696}},"29":{"start":{"line":92,"column":2},"end":{"line":92,"column":45}},"30":{"start":{"line":93,"column":2},"end":{"line":93,"column":37}},"31":{"start":{"line":94,"column":2},"end":{"line":94,"column":37}},"32":{"start":{"line":96,"column":2},"end":{"line":96,"column":70}},"33":{"start":{"line":97,"column":2},"end":{"line":97,"column":3050}},"34":{"start":{"line":104,"column":2},"end":{"line":104,"column":3236}},"35":{"start":{"line":109,"column":2},"end":{"line":109,"column":3381}},"36":{"start":{"line":115,"column":2},"end":{"line":115,"column":47}},"37":{"start":{"line":116,"column":2},"end":{"line":116,"column":49}},"38":{"start":{"line":117,"column":2},"end":{"line":117,"column":63}},"39":{"start":{"line":119,"column":2},"end":{"line":119,"column":41}},"40":{"start":{"line":121,"column":2},"end":{"line":121,"column":3806}},"41":{"start":{"line":131,"column":2},"end":{"line":131,"column":45}},"42":{"start":{"line":133,"column":2},"end":{"line":133,"column":76}},"43":{"start":{"line":136,"column":2},"end":{"line":136,"column":4284}},"44":{"start":{"line":141,"column":2},"end":{"line":141,"column":4401}},"45":{"start":{"line":146,"column":2},"end":{"line":146,"column":4481}},"46":{"start":{"line":155,"column":2},"end":{"line":155,"column":4696}},"47":{"start":{"line":159,"column":2},"end":{"line":159,"column":59}},"48":{"start":{"line":160,"column":2},"end":{"line":160,"column":63}},"49":{"start":{"line":163,"column":2},"end":{"line":163,"column":4950}},"50":{"start":{"line":167,"column":2},"end":{"line":167,"column":5042}},"51":{"start":{"line":171,"column":2},"end":{"line":171,"column":5130}},"52":{"start":{"line":176,"column":2},"end":{"line":176,"column":13}},"53":{"start":{"line":185,"column":2},"end":{"line":185,"column":32}},"54":{"start":{"line":186,"column":2},"end":{"line":186,"column":13}},"55":{"start":{"line":190,"column":2},"end":{"line":190,"column":15}},"56":{"start":{"line":191,"column":2},"end":{"line":191,"column":5553}},"57":{"start":{"line":192,"column":3},"end":{"line":192,"column":5585}},"58":{"start":{"line":196,"column":2},"end":{"line":196,"column":10}},"59":{"start":{"line":201,"column":2},"end":{"line":201,"column":38}},"60":{"start":{"line":202,"column":2},"end":{"line":202,"column":47}},"61":{"start":{"line":210,"column":2},"end":{"line":210,"column":6135}},"62":{"start":{"line":211,"column":3},"end":{"line":211,"column":39}},"63":{"start":{"line":214,"column":2},"end":{"line":214,"column":19}},"64":{"start":{"line":216,"column":2},"end":{"line":216,"column":6301}},"65":{"start":{"line":220,"column":2},"end":{"line":220,"column":13}},"66":{"start":{"line":228,"column":2},"end":{"line":228,"column":51}},"67":{"start":{"line":229,"column":2},"end":{"line":229,"column":61}},"68":{"start":{"line":237,"column":2},"end":{"line":237,"column":6797}},"69":{"start":{"line":238,"column":3},"end":{"line":238,"column":65}},"70":{"start":{"line":241,"column":2},"end":{"line":241,"column":32}},"71":{"start":{"line":243,"column":2},"end":{"line":243,"column":49}},"72":{"start":{"line":250,"column":2},"end":{"line":250,"column":13}},"73":{"start":{"line":255,"column":2},"end":{"line":255,"column":15}},"74":{"start":{"line":256,"column":2},"end":{"line":256,"column":7460}},"75":{"start":{"line":259,"column":3},"end":{"line":259,"column":7591}},"76":{"start":{"line":263,"column":2},"end":{"line":263,"column":10}},"77":{"start":{"line":268,"column":2},"end":{"line":268,"column":35}},"78":{"start":{"line":269,"column":2},"end":{"line":269,"column":42}},"79":{"start":{"line":270,"column":2},"end":{"line":270,"column":7960}},"80":{"start":{"line":271,"column":3},"end":{"line":271,"column":35}},"81":{"start":{"line":272,"column":3},"end":{"line":272,"column":45}},"82":{"start":{"line":273,"column":3},"end":{"line":273,"column":22}},"83":{"start":{"line":275,"column":2},"end":{"line":275,"column":14}}},"branchMap":{"1":{"line":11,"type":"if","locations":[{"start":{"line":11,"column":1},"end":{"line":11,"column":1}},{"start":{"line":11,"column":1},"end":{"line":11,"column":1}}]},"2":{"line":48,"type":"if","locations":[{"start":{"line":48,"column":2},"end":{"line":48,"column":2}},{"start":{"line":48,"column":2},"end":{"line":48,"column":2}}]},"3":{"line":50,"type":"if","locations":[{"start":{"line":50,"column":2},"end":{"line":50,"column":2}},{"start":{"line":50,"column":2},"end":{"line":50,"column":2}}]},"4":{"line":52,"type":"if","locations":[{"start":{"line":52,"column":2},"end":{"line":52,"column":2}},{"start":{"line":52,"column":2},"end":{"line":52,"column":2}}]},"5":{"line":56,"type":"if","locations":[{"start":{"line":56,"column":2},"end":{"line":56,"column":2}},{"start":{"line":56,"column":2},"end":{"line":56,"column":2}}]},"6":{"line":96,"type":"if","locations":[{"start":{"line":96,"column":2},"end":{"line":96,"column":2}},{"start":{"line":96,"column":2},"end":{"line":96,"column":2}}]},"7":{"line":97,"type":"if","locations":[{"start":{"line":97,"column":2},"end":{"line":97,"column":2}},{"start":{"line":97,"column":2},"end":{"line":97,"column":2}}]},"8":{"line":109,"type":"if","locations":[{"start":{"line":109,"column":2},"end":{"line":109,"column":2}},{"start":{"line":109,"column":2},"end":{"line":109,"column":2}}]},"9":{"line":119,"type":"if","locations":[{"start":{"line":119,"column":2},"end":{"line":119,"column":2}},{"start":{"line":119,"column":2},"end":{"line":119,"column":2}}]},"10":{"line":133,"type":"if","locations":[{"start":{"line":133,"column":2},"end":{"line":133,"column":2}},{"start":{"line":133,"column":2},"end":{"line":133,"column":2}}]},"11":{"line":141,"type":"if","locations":[{"start":{"line":141,"column":2},"end":{"line":141,"column":2}},{"start":{"line":141,"column":2},"end":{"line":141,"column":2}}]},"12":{"line":163,"type":"if","locations":[{"start":{"line":163,"column":2},"end":{"line":163,"column":2}},{"start":{"line":163,"column":2},"end":{"line":163,"column":2}}]},"13":{"line":167,"type":"if","locations":[{"start":{"line":167,"column":2},"end":{"line":167,"column":2}},{"start":{"line":167,"column":2},"end":{"line":167,"column":2}}]},"14":{"line":171,"type":"if","locations":[{"start":{"line":171,"column":2},"end":{"line":171,"column":2}},{"start":{"line":171,"column":2},"end":{"line":171,"column":2}}]},"15":{"line":192,"type":"if","locations":[{"start":{"line":192,"column":3},"end":{"line":192,"column":3}},{"start":{"line":192,"column":3},"end":{"line":192,"column":3}}]},"16":{"line":259,"type":"if","locations":[{"start":{"line":259,"column":3},"end":{"line":259,"column":3}},{"start":{"line":259,"column":3},"end":{"line":259,"column":3}}]}}}}