{
"contracts\\Marketplace.sol":{"l":{"9":36,"10":1,"12":35,"13":35,"14":35,"15":802,"16":802,"18":35,"19":35,"20":802,"21":802,"22":802,"24":35,"42":3,"74":2,"75":2,"76":2,"77":8,"78":8,"79":8,"81":2,"85":5,"87":3,"90":1,"91":1,"96":4,"97":3,"108":12,"109":12,"110":12,"113":12,"115":12,"123":12,"124":12,"125":12,"127":12,"136":5,"137":5,"138":5,"140":5,"141":3,"148":1,"154":1,"155":1,"156":1,"159":1,"161":1,"171":4,"172":4,"175":2,"180":2,"195":3,"199":3,"200":3,"205":3,"207":3,"212":3,"213":3,"214":14,"215":3,"218":3,"222":3,"223":3,"226":3,"227":4,"230":3,"232":3,"240":3,"241":3,"243":4,"244":3,"247":3,"253":3,"254":3,"257":3,"258":4,"261":3,"263":3},"path":"C:\\Users\\jmmon\\Documents\\VS-2019\\KU\\MI\\Advanced Projects\\dapp-project\\eth-marketplace\\contracts\\Marketplace.sol","s":{"1":36,"2":1,"3":35,"4":35,"5":35,"6":802,"7":35,"8":35,"9":802,"10":802,"11":802,"12":35,"13":3,"14":2,"15":2,"16":2,"17":8,"18":8,"19":8,"20":2,"21":5,"22":3,"23":1,"24":1,"25":4,"26":3,"27":12,"28":12,"29":12,"30":12,"31":12,"32":12,"33":12,"34":12,"35":12,"36":5,"37":5,"38":5,"39":5,"40":3,"41":1,"42":1,"43":1,"44":1,"45":1,"46":1,"47":4,"48":4,"49":2,"50":2,"51":3,"52":3,"53":3,"54":3,"55":3,"56":3,"57":14,"58":3,"59":3,"60":3,"61":3,"62":4,"63":3,"64":3,"65":3,"66":3,"67":4,"68":3,"69":3,"70":3,"71":3,"72":4,"73":3,"74":3},"b":{"1":[1,35],"2":[3,2],"3":[1,2],"4":[1,0],"5":[3,1],"6":[3,2],"7":[1,2],"8":[1,0],"9":[2,2],"10":[3,11],"11":[3,1]},"f":{"1":36,"2":3,"3":2,"4":5,"5":4,"6":12,"7":5,"8":4,"9":3,"10":3,"11":3,"12":3,"13":3,"14":3},"fnMap":{"1":{"name":"toString","line":5,"loc":{"start":{"line":5,"column":0},"end":{"line":25,"column":0}}},"2":{"name":"constructor","line":41,"loc":{"start":{"line":41,"column":1},"end":{"line":43,"column":1}}},"3":{"name":"getAllItems","line":73,"loc":{"start":{"line":73,"column":1},"end":{"line":82,"column":1}}},"4":{"name":"withdraw","line":84,"loc":{"start":{"line":84,"column":1},"end":{"line":92,"column":1}}},"5":{"name":"balance","line":95,"loc":{"start":{"line":95,"column":1},"end":{"line":98,"column":2}}},"6":{"name":"addItem","line":107,"loc":{"start":{"line":107,"column":1},"end":{"line":133,"column":1}}},"7":{"name":"sell","line":135,"loc":{"start":{"line":135,"column":1},"end":{"line":168,"column":1}}},"8":{"name":"deleteItem","line":170,"loc":{"start":{"line":170,"column":1},"end":{"line":185,"column":1}}},"9":{"name":"_removeFromAll","line":194,"loc":{"start":{"line":194,"column":1},"end":{"line":201,"column":1}}},"10":{"name":"_removeFromStock","line":204,"loc":{"start":{"line":204,"column":1},"end":{"line":208,"column":1}}},"11":{"name":"_getItemIndex","line":211,"loc":{"start":{"line":211,"column":1},"end":{"line":219,"column":1}}},"12":{"name":"_removeFromItemIds","line":221,"loc":{"start":{"line":221,"column":1},"end":{"line":236,"column":1}}},"13":{"name":"_getSellerItemIndex","line":239,"loc":{"start":{"line":239,"column":1},"end":{"line":248,"column":1}}},"14":{"name":"_removeFromSeller","line":250,"loc":{"start":{"line":250,"column":1},"end":{"line":264,"column":1}}}},"statementMap":{"1":{"start":{"line":9,"column":1},"end":{"line":9,"column":326}},"2":{"start":{"line":10,"column":2},"end":{"line":10,"column":12}},"3":{"start":{"line":12,"column":1},"end":{"line":12,"column":21}},"4":{"start":{"line":13,"column":1},"end":{"line":13,"column":15}},"5":{"start":{"line":14,"column":1},"end":{"line":14,"column":402}},"6":{"start":{"line":16,"column":2},"end":{"line":16,"column":11}},"7":{"start":{"line":18,"column":1},"end":{"line":18,"column":40}},"8":{"start":{"line":19,"column":1},"end":{"line":19,"column":494}},"9":{"start":{"line":20,"column":2},"end":{"line":20,"column":12}},"10":{"start":{"line":21,"column":2},"end":{"line":21,"column":57}},"11":{"start":{"line":22,"column":2},"end":{"line":22,"column":12}},"12":{"start":{"line":24,"column":1},"end":{"line":24,"column":22}},"13":{"start":{"line":42,"column":2},"end":{"line":42,"column":36}},"14":{"start":{"line":74,"column":2},"end":{"line":74,"column":35}},"15":{"start":{"line":75,"column":2},"end":{"line":75,"column":42}},"16":{"start":{"line":76,"column":2},"end":{"line":76,"column":1951}},"17":{"start":{"line":77,"column":3},"end":{"line":77,"column":35}},"18":{"start":{"line":78,"column":3},"end":{"line":78,"column":45}},"19":{"start":{"line":79,"column":3},"end":{"line":79,"column":22}},"20":{"start":{"line":81,"column":2},"end":{"line":81,"column":14}},"21":{"start":{"line":85,"column":2},"end":{"line":85,"column":75}},"22":{"start":{"line":87,"column":2},"end":{"line":87,"column":88}},"23":{"start":{"line":90,"column":2},"end":{"line":90,"column":63}},"24":{"start":{"line":91,"column":2},"end":{"line":91,"column":54}},"25":{"start":{"line":96,"column":2},"end":{"line":96,"column":79}},"26":{"start":{"line":97,"column":4},"end":{"line":97,"column":41}},"27":{"start":{"line":108,"column":2},"end":{"line":108,"column":40}},"28":{"start":{"line":109,"column":2},"end":{"line":109,"column":61}},"29":{"start":{"line":110,"column":2},"end":{"line":110,"column":53}},"30":{"start":{"line":113,"column":2},"end":{"line":113,"column":91}},"31":{"start":{"line":115,"column":2},"end":{"line":115,"column":3319}},"32":{"start":{"line":123,"column":2},"end":{"line":123,"column":53}},"33":{"start":{"line":124,"column":2},"end":{"line":124,"column":36}},"34":{"start":{"line":125,"column":2},"end":{"line":125,"column":36}},"35":{"start":{"line":127,"column":2},"end":{"line":127,"column":3608}},"36":{"start":{"line":136,"column":2},"end":{"line":136,"column":45}},"37":{"start":{"line":137,"column":2},"end":{"line":137,"column":37}},"38":{"start":{"line":138,"column":2},"end":{"line":138,"column":37}},"39":{"start":{"line":140,"column":2},"end":{"line":140,"column":70}},"40":{"start":{"line":141,"column":2},"end":{"line":141,"column":3961}},"41":{"start":{"line":148,"column":2},"end":{"line":148,"column":4146}},"42":{"start":{"line":154,"column":2},"end":{"line":154,"column":47}},"43":{"start":{"line":155,"column":2},"end":{"line":155,"column":49}},"44":{"start":{"line":156,"column":2},"end":{"line":156,"column":63}},"45":{"start":{"line":159,"column":2},"end":{"line":159,"column":41}},"46":{"start":{"line":161,"column":2},"end":{"line":161,"column":4533}},"47":{"start":{"line":171,"column":2},"end":{"line":171,"column":45}},"48":{"start":{"line":172,"column":2},"end":{"line":172,"column":76}},"49":{"start":{"line":175,"column":2},"end":{"line":175,"column":4875}},"50":{"start":{"line":180,"column":2},"end":{"line":180,"column":4931}},"51":{"start":{"line":195,"column":2},"end":{"line":195,"column":5274}},"52":{"start":{"line":199,"column":2},"end":{"line":199,"column":26}},"53":{"start":{"line":200,"column":2},"end":{"line":200,"column":28}},"54":{"start":{"line":207,"column":2},"end":{"line":207,"column":32}},"55":{"start":{"line":212,"column":2},"end":{"line":212,"column":15}},"56":{"start":{"line":213,"column":2},"end":{"line":213,"column":5701}},"57":{"start":{"line":214,"column":3},"end":{"line":214,"column":5733}},"58":{"start":{"line":218,"column":2},"end":{"line":218,"column":10}},"59":{"start":{"line":222,"column":2},"end":{"line":222,"column":38}},"60":{"start":{"line":223,"column":2},"end":{"line":223,"column":48}},"61":{"start":{"line":226,"column":2},"end":{"line":226,"column":6115}},"62":{"start":{"line":227,"column":3},"end":{"line":227,"column":39}},"63":{"start":{"line":230,"column":2},"end":{"line":230,"column":19}},"64":{"start":{"line":232,"column":2},"end":{"line":232,"column":6281}},"65":{"start":{"line":240,"column":2},"end":{"line":240,"column":15}},"66":{"start":{"line":241,"column":2},"end":{"line":241,"column":6509}},"67":{"start":{"line":243,"column":3},"end":{"line":243,"column":6584}},"68":{"start":{"line":247,"column":2},"end":{"line":247,"column":10}},"69":{"start":{"line":253,"column":2},"end":{"line":253,"column":51}},"70":{"start":{"line":254,"column":2},"end":{"line":254,"column":62}},"71":{"start":{"line":257,"column":2},"end":{"line":257,"column":7021}},"72":{"start":{"line":258,"column":3},"end":{"line":258,"column":65}},"73":{"start":{"line":261,"column":2},"end":{"line":261,"column":32}},"74":{"start":{"line":263,"column":2},"end":{"line":263,"column":49}}},"branchMap":{"1":{"line":9,"type":"if","locations":[{"start":{"line":9,"column":1},"end":{"line":9,"column":1}},{"start":{"line":9,"column":1},"end":{"line":9,"column":1}}]},"2":{"line":85,"type":"if","locations":[{"start":{"line":85,"column":2},"end":{"line":85,"column":2}},{"start":{"line":85,"column":2},"end":{"line":85,"column":2}}]},"3":{"line":87,"type":"if","locations":[{"start":{"line":87,"column":2},"end":{"line":87,"column":2}},{"start":{"line":87,"column":2},"end":{"line":87,"column":2}}]},"4":{"line":91,"type":"if","locations":[{"start":{"line":91,"column":2},"end":{"line":91,"column":2}},{"start":{"line":91,"column":2},"end":{"line":91,"column":2}}]},"5":{"line":96,"type":"if","locations":[{"start":{"line":96,"column":2},"end":{"line":96,"column":2}},{"start":{"line":96,"column":2},"end":{"line":96,"column":2}}]},"6":{"line":140,"type":"if","locations":[{"start":{"line":140,"column":2},"end":{"line":140,"column":2}},{"start":{"line":140,"column":2},"end":{"line":140,"column":2}}]},"7":{"line":141,"type":"if","locations":[{"start":{"line":141,"column":2},"end":{"line":141,"column":2}},{"start":{"line":141,"column":2},"end":{"line":141,"column":2}}]},"8":{"line":159,"type":"if","locations":[{"start":{"line":159,"column":2},"end":{"line":159,"column":2}},{"start":{"line":159,"column":2},"end":{"line":159,"column":2}}]},"9":{"line":172,"type":"if","locations":[{"start":{"line":172,"column":2},"end":{"line":172,"column":2}},{"start":{"line":172,"column":2},"end":{"line":172,"column":2}}]},"10":{"line":214,"type":"if","locations":[{"start":{"line":214,"column":3},"end":{"line":214,"column":3}},{"start":{"line":214,"column":3},"end":{"line":214,"column":3}}]},"11":{"line":243,"type":"if","locations":[{"start":{"line":243,"column":3},"end":{"line":243,"column":3}},{"start":{"line":243,"column":3},"end":{"line":243,"column":3}}]}}}}
