TN:
SF:C:\Users\jmmon\Documents\VS-2019\KU\MI\Advanced Projects\dapp-project\eth-marketplace\contracts\Marketplace.sol
FN:5,toString
FN:41,constructor
FN:73,getAllItems
FN:84,withdraw
FN:98,balance
FN:113,addItem
FN:142,sell
FN:173,deleteItem
FN:190,_removeFromAll
FN:197,_removeFromStock
FN:204,_getItemIndex
FN:218,_removeFromItemIds
FN:233,_getSellerItemIndex
FN:248,_removeFromSeller
FNF:14
FNH:14
FNDA:36,toString
FNDA:3,constructor
FNDA:2,getAllItems
FNDA:5,withdraw
FNDA:4,balance
FNDA:12,addItem
FNDA:5,sell
FNDA:4,deleteItem
FNDA:3,_removeFromAll
FNDA:3,_removeFromStock
FNDA:3,_getItemIndex
FNDA:3,_removeFromItemIds
FNDA:3,_getSellerItemIndex
FNDA:3,_removeFromSeller
DA:9,36
DA:10,1
DA:12,35
DA:13,35
DA:14,35
DA:15,803
DA:16,803
DA:18,35
DA:19,35
DA:20,803
DA:21,803
DA:22,803
DA:24,35
DA:42,3
DA:74,2
DA:75,2
DA:76,2
DA:77,8
DA:78,8
DA:79,8
DA:81,2
DA:85,5
DA:87,3
DA:93,1
DA:94,1
DA:99,4
DA:103,3
DA:114,12
DA:115,12
DA:116,12
DA:119,12
DA:123,12
DA:131,12
DA:132,12
DA:133,12
DA:135,12
DA:143,5
DA:144,5
DA:145,5
DA:147,5
DA:148,3
DA:154,1
DA:157,1
DA:158,1
DA:159,1
DA:162,1
DA:164,1
DA:174,4
DA:175,4
DA:178,2
DA:180,2
DA:191,3
DA:192,3
DA:193,3
DA:198,3
DA:200,3
DA:209,3
DA:210,3
DA:211,15
DA:212,3
DA:215,3
DA:219,3
DA:220,3
DA:223,3
DA:224,3
DA:227,3
DA:229,3
DA:238,3
DA:239,3
DA:241,5
DA:242,3
DA:245,3
DA:249,3
DA:250,3
DA:257,3
DA:258,3
DA:261,3
DA:263,3
LF:78
LH:78
BRDA:9,1,0,1
BRDA:9,1,1,35
BRDA:85,2,0,3
BRDA:85,2,1,2
BRDA:87,3,0,1
BRDA:87,3,1,2
BRDA:94,4,0,1
BRDA:94,4,1,0
BRDA:99,5,0,3
BRDA:99,5,1,1
BRDA:147,6,0,3
BRDA:147,6,1,2
BRDA:148,7,0,1
BRDA:148,7,1,2
BRDA:162,8,0,1
BRDA:162,8,1,0
BRDA:175,9,0,2
BRDA:175,9,1,2
BRDA:211,10,0,3
BRDA:211,10,1,12
BRDA:241,11,0,3
BRDA:241,11,1,2
BRF:22
BRH:20
end_of_record
