TN:
SF:C:\Users\jmmon\Documents\VS-2019\KU\MI\Advanced Projects\dapp-project\eth-marketplace\contracts\Marketplace.sol
FN:7,toString
FN:43,constructor
FN:75,getAllItems
FN:86,withdraw
FN:100,balance
FN:115,addItem
FN:145,sell
FN:176,deleteItem
FN:193,_removeFromAll
FN:200,_removeFromStock
FN:207,_getItemIndex
FN:221,_removeFromItemIds
FN:236,_getSellerItemIndex
FN:251,_removeFromSeller
FNF:14
FNH:14
FNDA:36,toString
FNDA:3,constructor
FNDA:2,getAllItems
FNDA:5,withdraw
FNDA:4,balance
FNDA:12,addItem
FNDA:5,sell
FNDA:4,deleteItem
FNDA:3,_removeFromAll
FNDA:3,_removeFromStock
FNDA:3,_getItemIndex
FNDA:3,_removeFromItemIds
FNDA:3,_getSellerItemIndex
FNDA:3,_removeFromSeller
DA:11,36
DA:12,1
DA:14,35
DA:15,35
DA:16,35
DA:17,797
DA:18,797
DA:20,35
DA:21,35
DA:22,797
DA:23,797
DA:24,797
DA:26,35
DA:44,3
DA:76,2
DA:77,2
DA:78,2
DA:79,8
DA:80,8
DA:81,8
DA:83,2
DA:87,5
DA:89,3
DA:95,1
DA:96,1
DA:101,4
DA:105,3
DA:116,12
DA:117,12
DA:118,12
DA:121,12
DA:125,12
DA:134,12
DA:135,12
DA:136,12
DA:138,12
DA:146,5
DA:147,5
DA:148,5
DA:150,5
DA:151,3
DA:157,1
DA:160,1
DA:161,1
DA:162,1
DA:165,1
DA:167,1
DA:177,4
DA:178,4
DA:181,2
DA:183,2
DA:194,3
DA:195,3
DA:196,3
DA:201,3
DA:203,3
DA:212,3
DA:213,3
DA:214,14
DA:215,3
DA:218,3
DA:222,3
DA:223,3
DA:226,3
DA:227,4
DA:230,3
DA:232,3
DA:241,3
DA:242,3
DA:244,4
DA:245,3
DA:248,3
DA:252,3
DA:253,3
DA:260,3
DA:261,4
DA:264,3
DA:266,3
LF:78
LH:78
BRDA:11,1,0,1
BRDA:11,1,1,35
BRDA:87,2,0,3
BRDA:87,2,1,2
BRDA:89,3,0,1
BRDA:89,3,1,2
BRDA:96,4,0,1
BRDA:96,4,1,0
BRDA:101,5,0,3
BRDA:101,5,1,1
BRDA:150,6,0,3
BRDA:150,6,1,2
BRDA:151,7,0,1
BRDA:151,7,1,2
BRDA:165,8,0,1
BRDA:165,8,1,0
BRDA:178,9,0,2
BRDA:178,9,1,2
BRDA:214,10,0,3
BRDA:214,10,1,11
BRDA:244,11,0,3
BRDA:244,11,1,1
BRF:22
BRH:20
end_of_record
